# JRE version: OpenJDK Runtime Environment Temurin-17.0.12+7 (17.0.12+7) (build 17.0.12+7)
# Java VM: OpenJDK 64-Bit Server VM Temurin-17.0.12+7 (17.0.12+7, mixed mode, tiered, compressed oops, compressed class ptrs, parallel gc, windows-amd64)
GC Precious Log:
 CPUs: 16 total, 16 available
 Memory: 15571M
 Large Page Support: Disabled
 NUMA Support: Disabled
 Compressed Oops: Enabled (32-bit)
 Alignments: Space 512K, Generation 512K, Heap 2M
 Heap Min Capacity: 100M
 Heap Initial Capacity: 100M
 Heap Max Capacity: 1G
 Pre-touch: Disabled
 Parallel Workers: 13
Heap:
 PSYoungGen      total 13824K, used 2809K [0x00000000eab00000, 0x00000000ec100000, 0x0000000100000000)
  eden space 12800K, 17% used [0x00000000eab00000,0x00000000ead26778,0x00000000eb780000)
  from space 1024K, 59% used [0x00000000ec000000,0x00000000ec098000,0x00000000ec100000)
  to   space 3072K, 0% used [0x00000000ebb00000,0x00000000ebb00000,0x00000000ebe00000)
 ParOldGen       total 95744K, used 63124K [0x00000000c0000000, 0x00000000c5d80000, 0x00000000eab00000)
  object space 95744K, 65% used [0x00000000c0000000,0x00000000c3da5020,0x00000000c5d80000)
 Metaspace       used 77792K, committed 79040K, reserved 1179648K
  class space    used 10086K, committed 10624K, reserved 1048576K
GC Heap History (20 events):
Event: 12.336 GC heap before
{Heap before GC invocations=47 (full 3):
 PSYoungGen      total 16896K, used 16647K [0x00000000eab00000, 0x00000000ebe80000, 0x0000000100000000)
  eden space 14336K, 100% used [0x00000000eab00000,0x00000000eb900000,0x00000000eb900000)
  from space 2560K, 90% used [0x00000000eba80000,0x00000000ebcc1ec0,0x00000000ebd00000)
  to   space 1536K, 0% used [0x00000000ebd00000,0x00000000ebd00000,0x00000000ebe80000)
 ParOldGen       total 68608K, used 45550K [0x00000000c0000000, 0x00000000c4300000, 0x00000000eab00000)
  object space 68608K, 66% used [0x00000000c0000000,0x00000000c2c7b860,0x00000000c4300000)
 Metaspace       used 70709K, committed 71936K, reserved 1114112K
  class space    used 8880K, committed 9408K, reserved 1048576K
}
Event: 12.337 GC heap after
{Heap after GC invocations=47 (full 3):
 PSYoungGen      total 14848K, used 416K [0x00000000eab00000, 0x00000000ebd80000, 0x0000000100000000)
  eden space 14336K, 0% used [0x00000000eab00000,0x00000000eab00000,0x00000000eb900000)
  from space 512K, 81% used [0x00000000ebd00000,0x00000000ebd68000,0x00000000ebd80000)
  to   space 1536K, 0% used [0x00000000eba80000,0x00000000eba80000,0x00000000ebc00000)
 ParOldGen       total 68608K, used 47679K [0x00000000c0000000, 0x00000000c4300000, 0x00000000eab00000)
  object space 68608K, 69% used [0x00000000c0000000,0x00000000c2e8ff40,0x00000000c4300000)
 Metaspace       used 70709K, committed 71936K, reserved 1114112K
  class space    used 8880K, committed 9408K, reserved 1048576K
}
Event: 12.554 GC heap before
{Heap before GC invocations=48 (full 3):
 PSYoungGen      total 14848K, used 14508K [0x00000000eab00000, 0x00000000ebd80000, 0x0000000100000000)
  eden space 14336K, 98% used [0x00000000eab00000,0x00000000eb8c33f0,0x00000000eb900000)
  from space 512K, 81% used [0x00000000ebd00000,0x00000000ebd68000,0x00000000ebd80000)
  to   space 1536K, 0% used [0x00000000eba80000,0x00000000eba80000,0x00000000ebc00000)
 ParOldGen       total 68608K, used 47679K [0x00000000c0000000, 0x00000000c4300000, 0x00000000eab00000)
  object space 68608K, 69% used [0x00000000c0000000,0x00000000c2e8ff40,0x00000000c4300000)
 Metaspace       used 71360K, committed 72576K, reserved 1114112K
  class space    used 8979K, committed 9472K, reserved 1048576K
}
Event: 12.556 GC heap after
{Heap after GC invocations=48 (full 3):
 PSYoungGen      total 15872K, used 1528K [0x00000000eab00000, 0x00000000ece00000, 0x0000000100000000)
  eden space 14336K, 0% used [0x00000000eab00000,0x00000000eab00000,0x00000000eb900000)
  from space 1536K, 99% used [0x00000000eba80000,0x00000000ebbfe150,0x00000000ebc00000)
  to   space 10752K, 0% used [0x00000000ec380000,0x00000000ec380000,0x00000000ece00000)
 ParOldGen       total 68608K, used 55070K [0x00000000c0000000, 0x00000000c4300000, 0x00000000eab00000)
  object space 68608K, 80% used [0x00000000c0000000,0x00000000c35c7918,0x00000000c4300000)
 Metaspace       used 71360K, committed 72576K, reserved 1114112K
  class space    used 8979K, committed 9472K, reserved 1048576K
}
Event: 12.670 GC heap before
{Heap before GC invocations=49 (full 3):
 PSYoungGen      total 15872K, used 15864K [0x00000000eab00000, 0x00000000ece00000, 0x0000000100000000)
  eden space 14336K, 100% used [0x00000000eab00000,0x00000000eb900000,0x00000000eb900000)
  from space 1536K, 99% used [0x00000000eba80000,0x00000000ebbfe150,0x00000000ebc00000)
  to   space 10752K, 0% used [0x00000000ec380000,0x00000000ec380000,0x00000000ece00000)
 ParOldGen       total 68608K, used 55070K [0x00000000c0000000, 0x00000000c4300000, 0x00000000eab00000)
  object space 68608K, 80% used [0x00000000c0000000,0x00000000c35c7918,0x00000000c4300000)
 Metaspace       used 72537K, committed 73792K, reserved 1114112K
  class space    used 9195K, committed 9728K, reserved 1048576K
}
Event: 12.671 GC heap after
{Heap after GC invocations=49 (full 3):
 PSYoungGen      total 16384K, used 1760K [0x00000000eab00000, 0x00000000ec580000, 0x0000000100000000)
  eden space 14336K, 0% used [0x00000000eab00000,0x00000000eab00000,0x00000000eb900000)
  from space 2048K, 85% used [0x00000000ec380000,0x00000000ec5381d8,0x00000000ec580000)
  to   space 4608K, 0% used [0x00000000ebc80000,0x00000000ebc80000,0x00000000ec100000)
 ParOldGen       total 68608K, used 56557K [0x00000000c0000000, 0x00000000c4300000, 0x00000000eab00000)
  object space 68608K, 82% used [0x00000000c0000000,0x00000000c373b420,0x00000000c4300000)
 Metaspace       used 72537K, committed 73792K, reserved 1114112K
  class space    used 9195K, committed 9728K, reserved 1048576K
}
Event: 12.786 GC heap before
{Heap before GC invocations=50 (full 3):
 PSYoungGen      total 16384K, used 16096K [0x00000000eab00000, 0x00000000ec580000, 0x0000000100000000)
  eden space 14336K, 100% used [0x00000000eab00000,0x00000000eb900000,0x00000000eb900000)
  from space 2048K, 85% used [0x00000000ec380000,0x00000000ec5381d8,0x00000000ec580000)
  to   space 4608K, 0% used [0x00000000ebc80000,0x00000000ebc80000,0x00000000ec100000)
 ParOldGen       total 68608K, used 56557K [0x00000000c0000000, 0x00000000c4300000, 0x00000000eab00000)
  object space 68608K, 82% used [0x00000000c0000000,0x00000000c373b420,0x00000000c4300000)
 Metaspace       used 73061K, committed 74304K, reserved 1114112K
  class space    used 9265K, committed 9792K, reserved 1048576K
}
Event: 12.786 GC heap after
{Heap after GC invocations=50 (full 3):
 PSYoungGen      total 18944K, used 576K [0x00000000eab00000, 0x00000000ec400000, 0x0000000100000000)
  eden space 14336K, 0% used [0x00000000eab00000,0x00000000eab00000,0x00000000eb900000)
  from space 4608K, 12% used [0x00000000ebc80000,0x00000000ebd10000,0x00000000ec100000)
  to   space 1536K, 0% used [0x00000000ec280000,0x00000000ec280000,0x00000000ec400000)
 ParOldGen       total 68608K, used 58159K [0x00000000c0000000, 0x00000000c4300000, 0x00000000eab00000)
  object space 68608K, 84% used [0x00000000c0000000,0x00000000c38cbf18,0x00000000c4300000)
 Metaspace       used 73061K, committed 74304K, reserved 1114112K
  class space    used 9265K, committed 9792K, reserved 1048576K
}
Event: 12.895 GC heap before
{Heap before GC invocations=51 (full 3):
 PSYoungGen      total 18944K, used 14912K [0x00000000eab00000, 0x00000000ec400000, 0x0000000100000000)
  eden space 14336K, 100% used [0x00000000eab00000,0x00000000eb900000,0x00000000eb900000)
  from space 4608K, 12% used [0x00000000ebc80000,0x00000000ebd10000,0x00000000ec100000)
  to   space 1536K, 0% used [0x00000000ec280000,0x00000000ec280000,0x00000000ec400000)
 ParOldGen       total 68608K, used 58159K [0x00000000c0000000, 0x00000000c4300000, 0x00000000eab00000)
  object space 68608K, 84% used [0x00000000c0000000,0x00000000c38cbf18,0x00000000c4300000)
 Metaspace       used 73067K, committed 74304K, reserved 1114112K
  class space    used 9265K, committed 9792K, reserved 1048576K
}
Event: 12.896 GC heap after
{Heap after GC invocations=51 (full 3):
 PSYoungGen      total 15872K, used 1520K [0x00000000eab00000, 0x00000000ec400000, 0x0000000100000000)
  eden space 14336K, 0% used [0x00000000eab00000,0x00000000eab00000,0x00000000eb900000)
  from space 1536K, 98% used [0x00000000ec280000,0x00000000ec3fc0c0,0x00000000ec400000)
  to   space 3072K, 0% used [0x00000000ebe00000,0x00000000ebe00000,0x00000000ec100000)
 ParOldGen       total 68608K, used 59034K [0x00000000c0000000, 0x00000000c4300000, 0x00000000eab00000)
  object space 68608K, 86% used [0x00000000c0000000,0x00000000c39a69d8,0x00000000c4300000)
 Metaspace       used 73067K, committed 74304K, reserved 1114112K
  class space    used 9265K, committed 9792K, reserved 1048576K
}
Event: 12.987 GC heap before
{Heap before GC invocations=52 (full 3):
 PSYoungGen      total 15872K, used 15856K [0x00000000eab00000, 0x00000000ec400000, 0x0000000100000000)
  eden space 14336K, 100% used [0x00000000eab00000,0x00000000eb900000,0x00000000eb900000)
  from space 1536K, 98% used [0x00000000ec280000,0x00000000ec3fc0c0,0x00000000ec400000)
  to   space 3072K, 0% used [0x00000000ebe00000,0x00000000ebe00000,0x00000000ec100000)
 ParOldGen       total 68608K, used 59034K [0x00000000c0000000, 0x00000000c4300000, 0x00000000eab00000)
  object space 68608K, 86% used [0x00000000c0000000,0x00000000c39a69d8,0x00000000c4300000)
 Metaspace       used 73489K, committed 74752K, reserved 1114112K
  class space    used 9373K, committed 9920K, reserved 1048576K
}
Event: 12.988 GC heap after
{Heap after GC invocations=52 (full 3):
 PSYoungGen      total 16896K, used 2537K [0x00000000eab00000, 0x00000000ec300000, 0x0000000100000000)
  eden space 14336K, 0% used [0x00000000eab00000,0x00000000eab00000,0x00000000eb900000)
  from space 2560K, 99% used [0x00000000ebe00000,0x00000000ec07a678,0x00000000ec080000)
  to   space 2560K, 0% used [0x00000000ec080000,0x00000000ec080000,0x00000000ec300000)
 ParOldGen       total 68608K, used 60491K [0x00000000c0000000, 0x00000000c4300000, 0x00000000eab00000)
  object space 68608K, 88% used [0x00000000c0000000,0x00000000c3b12eb8,0x00000000c4300000)
 Metaspace       used 73489K, committed 74752K, reserved 1114112K
  class space    used 9373K, committed 9920K, reserved 1048576K
}
Event: 13.071 GC heap before
{Heap before GC invocations=53 (full 3):
 PSYoungGen      total 16896K, used 16873K [0x00000000eab00000, 0x00000000ec300000, 0x0000000100000000)
  eden space 14336K, 100% used [0x00000000eab00000,0x00000000eb900000,0x00000000eb900000)
  from space 2560K, 99% used [0x00000000ebe00000,0x00000000ec07a678,0x00000000ec080000)
  to   space 2560K, 0% used [0x00000000ec080000,0x00000000ec080000,0x00000000ec300000)
 ParOldGen       total 68608K, used 60491K [0x00000000c0000000, 0x00000000c4300000, 0x00000000eab00000)
  object space 68608K, 88% used [0x00000000c0000000,0x00000000c3b12eb8,0x00000000c4300000)
 Metaspace       used 74865K, committed 76096K, reserved 1179648K
  class space    used 9610K, committed 10112K, reserved 1048576K
}
Event: 13.073 GC heap after
{Heap after GC invocations=53 (full 3):
 PSYoungGen      total 15872K, used 1293K [0x00000000eab00000, 0x00000000ec200000, 0x0000000100000000)
  eden space 14336K, 0% used [0x00000000eab00000,0x00000000eab00000,0x00000000eb900000)
  from space 1536K, 84% used [0x00000000ec080000,0x00000000ec1c3510,0x00000000ec200000)
  to   space 2048K, 0% used [0x00000000ebe00000,0x00000000ebe00000,0x00000000ec000000)
 ParOldGen       total 68608K, used 62768K [0x00000000c0000000, 0x00000000c4300000, 0x00000000eab00000)
  object space 68608K, 91% used [0x00000000c0000000,0x00000000c3d4c278,0x00000000c4300000)
 Metaspace       used 74865K, committed 76096K, reserved 1179648K
  class space    used 9610K, committed 10112K, reserved 1048576K
}
Event: 13.222 GC heap before
{Heap before GC invocations=54 (full 3):
 PSYoungGen      total 15872K, used 15629K [0x00000000eab00000, 0x00000000ec200000, 0x0000000100000000)
  eden space 14336K, 100% used [0x00000000eab00000,0x00000000eb900000,0x00000000eb900000)
  from space 1536K, 84% used [0x00000000ec080000,0x00000000ec1c3510,0x00000000ec200000)
  to   space 2048K, 0% used [0x00000000ebe00000,0x00000000ebe00000,0x00000000ec000000)
 ParOldGen       total 68608K, used 62768K [0x00000000c0000000, 0x00000000c4300000, 0x00000000eab00000)
  object space 68608K, 91% used [0x00000000c0000000,0x00000000c3d4c278,0x00000000c4300000)
 Metaspace       used 76383K, committed 77632K, reserved 1179648K
  class space    used 9838K, committed 10368K, reserved 1048576K
}
Event: 13.223 GC heap after
{Heap after GC invocations=54 (full 3):
 PSYoungGen      total 16384K, used 480K [0x00000000eab00000, 0x00000000ec100000, 0x0000000100000000)
  eden space 14336K, 0% used [0x00000000eab00000,0x00000000eab00000,0x00000000eb900000)
  from space 2048K, 23% used [0x00000000ebe00000,0x00000000ebe78000,0x00000000ec000000)
  to   space 1024K, 0% used [0x00000000ec000000,0x00000000ec000000,0x00000000ec100000)
 ParOldGen       total 68608K, used 63877K [0x00000000c0000000, 0x00000000c4300000, 0x00000000eab00000)
  object space 68608K, 93% used [0x00000000c0000000,0x00000000c3e617c8,0x00000000c4300000)
 Metaspace       used 76383K, committed 77632K, reserved 1179648K
  class space    used 9838K, committed 10368K, reserved 1048576K
}
Event: 13.347 GC heap before
{Heap before GC invocations=55 (full 3):
 PSYoungGen      total 16384K, used 14816K [0x00000000eab00000, 0x00000000ec100000, 0x0000000100000000)
  eden space 14336K, 100% used [0x00000000eab00000,0x00000000eb900000,0x00000000eb900000)
  from space 2048K, 23% used [0x00000000ebe00000,0x00000000ebe78000,0x00000000ec000000)
  to   space 1024K, 0% used [0x00000000ec000000,0x00000000ec000000,0x00000000ec100000)
 ParOldGen       total 68608K, used 63877K [0x00000000c0000000, 0x00000000c4300000, 0x00000000eab00000)
  object space 68608K, 93% used [0x00000000c0000000,0x00000000c3e617c8,0x00000000c4300000)
 Metaspace       used 76678K, committed 77952K, reserved 1179648K
  class space    used 9889K, committed 10432K, reserved 1048576K
}
Event: 13.349 GC heap after
{Heap after GC invocations=55 (full 3):
 PSYoungGen      total 13824K, used 1020K [0x00000000eab00000, 0x00000000eca00000, 0x0000000100000000)
  eden space 12800K, 0% used [0x00000000eab00000,0x00000000eab00000,0x00000000eb780000)
  from space 1024K, 99% used [0x00000000ec000000,0x00000000ec0ff3d8,0x00000000ec100000)
  to   space 8704K, 0% used [0x00000000eb780000,0x00000000eb780000,0x00000000ec000000)
 ParOldGen       total 70656K, used 70221K [0x00000000c0000000, 0x00000000c4500000, 0x00000000eab00000)
  object space 70656K, 99% used [0x00000000c0000000,0x00000000c44936c0,0x00000000c4500000)
 Metaspace       used 76678K, committed 77952K, reserved 1179648K
  class space    used 9889K, committed 10432K, reserved 1048576K
}
Event: 13.349 GC heap before
{Heap before GC invocations=56 (full 4):
 PSYoungGen      total 13824K, used 1020K [0x00000000eab00000, 0x00000000eca00000, 0x0000000100000000)
  eden space 12800K, 0% used [0x00000000eab00000,0x00000000eab00000,0x00000000eb780000)
  from space 1024K, 99% used [0x00000000ec000000,0x00000000ec0ff3d8,0x00000000ec100000)
  to   space 8704K, 0% used [0x00000000eb780000,0x00000000eb780000,0x00000000ec000000)
 ParOldGen       total 70656K, used 70221K [0x00000000c0000000, 0x00000000c4500000, 0x00000000eab00000)
  object space 70656K, 99% used [0x00000000c0000000,0x00000000c44936c0,0x00000000c4500000)
 Metaspace       used 76678K, committed 77952K, reserved 1179648K
  class space    used 9889K, committed 10432K, reserved 1048576K
}
Event: 13.373 GC heap after
{Heap after GC invocations=56 (full 4):
 PSYoungGen      total 21504K, used 0K [0x00000000eab00000, 0x00000000ec880000, 0x0000000100000000)
  eden space 12800K, 0% used [0x00000000eab00000,0x00000000eab00000,0x00000000eb780000)
  from space 8704K, 0% used [0x00000000eb780000,0x00000000eb780000,0x00000000ec000000)
  to   space 8704K, 0% used [0x00000000ec000000,0x00000000ec000000,0x00000000ec880000)
 ParOldGen       total 95744K, used 63124K [0x00000000c0000000, 0x00000000c5d80000, 0x00000000eab00000)
  object space 95744K, 65% used [0x00000000c0000000,0x00000000c3da5020,0x00000000c5d80000)
 Metaspace       used 76678K, committed 77952K, reserved 1179648K
  class space    used 9889K, committed 10432K, reserved 1048576K
}

