# JRE version: OpenJDK Runtime Environment Temurin-17.0.12+7 (17.0.12+7) (build 17.0.12+7)
# Java VM: OpenJDK 64-Bit Server VM Temurin-17.0.12+7 (17.0.12+7, mixed mode, tiered, compressed oops, compressed class ptrs, parallel gc, windows-amd64)
GC Precious Log:
 CPUs: 16 total, 16 available
 Memory: 15571M
 Large Page Support: Disabled
 NUMA Support: Disabled
 Compressed Oops: Enabled (32-bit)
 Alignments: Space 512K, Generation 512K, Heap 2M
 Heap Min Capacity: 100M
 Heap Initial Capacity: 100M
 Heap Max Capacity: 1G
 Pre-touch: Disabled
 Parallel Workers: 13
Heap:
 PSYoungGen      total 18432K, used 11586K [0x00000000eab00000, 0x00000000ec480000, 0x0000000100000000)
  eden space 12288K, 45% used [0x00000000eab00000,0x00000000eb0692b8,0x00000000eb700000)
  from space 6144K, 98% used [0x00000000ebd80000,0x00000000ec36ace8,0x00000000ec380000)
  to   space 6656K, 0% used [0x00000000eb700000,0x00000000eb700000,0x00000000ebd80000)
 ParOldGen       total 126464K, used 95468K [0x00000000c0000000, 0x00000000c7b80000, 0x00000000eab00000)
  object space 126464K, 75% used [0x00000000c0000000,0x00000000c5d3b1f0,0x00000000c7b80000)
 Metaspace       used 87886K, committed 89280K, reserved 1179648K
  class space    used 11805K, committed 12416K, reserved 1048576K
GC Heap History (20 events):
Event: 8.017 GC heap before
{Heap before GC invocations=62 (full 6):
 PSYoungGen      total 24064K, used 13312K [0x00000000eab00000, 0x00000000ecd00000, 0x0000000100000000)
  eden space 13312K, 100% used [0x00000000eab00000,0x00000000eb800000,0x00000000eb800000)
  from space 10752K, 0% used [0x00000000ec280000,0x00000000ec280000,0x00000000ecd00000)
  to   space 10752K, 0% used [0x00000000eb800000,0x00000000eb800000,0x00000000ec280000)
 ParOldGen       total 94720K, used 94678K [0x00000000c0000000, 0x00000000c5c80000, 0x00000000eab00000)
  object space 94720K, 99% used [0x00000000c0000000,0x00000000c5c75850,0x00000000c5c80000)
 Metaspace       used 83000K, committed 84352K, reserved 1179648K
  class space    used 11046K, committed 11648K, reserved 1048576K
}
Event: 8.047 GC heap after
{Heap after GC invocations=62 (full 6):
 PSYoungGen      total 24064K, used 239K [0x00000000eab00000, 0x00000000ecd00000, 0x0000000100000000)
  eden space 13312K, 1% used [0x00000000eab00000,0x00000000eab3bd10,0x00000000eb800000)
  from space 10752K, 0% used [0x00000000eb800000,0x00000000eb800000,0x00000000ec280000)
  to   space 10752K, 0% used [0x00000000ec280000,0x00000000ec280000,0x00000000ecd00000)
 ParOldGen       total 126464K, used 94714K [0x00000000c0000000, 0x00000000c7b80000, 0x00000000eab00000)
  object space 126464K, 74% used [0x00000000c0000000,0x00000000c5c7ebb0,0x00000000c7b80000)
 Metaspace       used 83000K, committed 84352K, reserved 1179648K
  class space    used 11046K, committed 11648K, reserved 1048576K
}
Event: 8.136 GC heap before
{Heap before GC invocations=63 (full 6):
 PSYoungGen      total 24064K, used 13312K [0x00000000eab00000, 0x00000000ecd00000, 0x0000000100000000)
  eden space 13312K, 100% used [0x00000000eab00000,0x00000000eb800000,0x00000000eb800000)
  from space 10752K, 0% used [0x00000000eb800000,0x00000000eb800000,0x00000000ec280000)
  to   space 10752K, 0% used [0x00000000ec280000,0x00000000ec280000,0x00000000ecd00000)
 ParOldGen       total 126464K, used 94714K [0x00000000c0000000, 0x00000000c7b80000, 0x00000000eab00000)
  object space 126464K, 74% used [0x00000000c0000000,0x00000000c5c7ebb0,0x00000000c7b80000)
 Metaspace       used 83384K, committed 84800K, reserved 1179648K
  class space    used 11096K, committed 11712K, reserved 1048576K
}
Event: 8.139 GC heap after
{Heap after GC invocations=63 (full 6):
 PSYoungGen      total 14336K, used 768K [0x00000000eab00000, 0x00000000ec380000, 0x0000000100000000)
  eden space 13312K, 0% used [0x00000000eab00000,0x00000000eab00000,0x00000000eb800000)
  from space 1024K, 75% used [0x00000000ec280000,0x00000000ec340000,0x00000000ec380000)
  to   space 4096K, 0% used [0x00000000ebb80000,0x00000000ebb80000,0x00000000ebf80000)
 ParOldGen       total 126464K, used 94714K [0x00000000c0000000, 0x00000000c7b80000, 0x00000000eab00000)
  object space 126464K, 74% used [0x00000000c0000000,0x00000000c5c7ebb0,0x00000000c7b80000)
 Metaspace       used 83384K, committed 84800K, reserved 1179648K
  class space    used 11096K, committed 11712K, reserved 1048576K
}
Event: 8.196 GC heap before
{Heap before GC invocations=64 (full 6):
 PSYoungGen      total 14336K, used 14009K [0x00000000eab00000, 0x00000000ec380000, 0x0000000100000000)
  eden space 13312K, 99% used [0x00000000eab00000,0x00000000eb7ee790,0x00000000eb800000)
  from space 1024K, 75% used [0x00000000ec280000,0x00000000ec340000,0x00000000ec380000)
  to   space 4096K, 0% used [0x00000000ebb80000,0x00000000ebb80000,0x00000000ebf80000)
 ParOldGen       total 126464K, used 94714K [0x00000000c0000000, 0x00000000c7b80000, 0x00000000eab00000)
  object space 126464K, 74% used [0x00000000c0000000,0x00000000c5c7ebb0,0x00000000c7b80000)
 Metaspace       used 83387K, committed 84800K, reserved 1179648K
  class space    used 11096K, committed 11712K, reserved 1048576K
}
Event: 8.197 GC heap after
{Heap after GC invocations=64 (full 6):
 PSYoungGen      total 16896K, used 3294K [0x00000000eab00000, 0x00000000ec300000, 0x0000000100000000)
  eden space 13312K, 0% used [0x00000000eab00000,0x00000000eab00000,0x00000000eb800000)
  from space 3584K, 91% used [0x00000000ebb80000,0x00000000ebeb7818,0x00000000ebf00000)
  to   space 4096K, 0% used [0x00000000ebf00000,0x00000000ebf00000,0x00000000ec300000)
 ParOldGen       total 126464K, used 94722K [0x00000000c0000000, 0x00000000c7b80000, 0x00000000eab00000)
  object space 126464K, 74% used [0x00000000c0000000,0x00000000c5c80bb0,0x00000000c7b80000)
 Metaspace       used 83387K, committed 84800K, reserved 1179648K
  class space    used 11096K, committed 11712K, reserved 1048576K
}
Event: 8.248 GC heap before
{Heap before GC invocations=65 (full 6):
 PSYoungGen      total 16896K, used 16606K [0x00000000eab00000, 0x00000000ec300000, 0x0000000100000000)
  eden space 13312K, 100% used [0x00000000eab00000,0x00000000eb800000,0x00000000eb800000)
  from space 3584K, 91% used [0x00000000ebb80000,0x00000000ebeb7818,0x00000000ebf00000)
  to   space 4096K, 0% used [0x00000000ebf00000,0x00000000ebf00000,0x00000000ec300000)
 ParOldGen       total 126464K, used 94722K [0x00000000c0000000, 0x00000000c7b80000, 0x00000000eab00000)
  object space 126464K, 74% used [0x00000000c0000000,0x00000000c5c80bb0,0x00000000c7b80000)
 Metaspace       used 83792K, committed 85184K, reserved 1179648K
  class space    used 11203K, committed 11840K, reserved 1048576K
}
Event: 8.249 GC heap after
{Heap after GC invocations=65 (full 6):
 PSYoungGen      total 17408K, used 4090K [0x00000000eab00000, 0x00000000ec300000, 0x0000000100000000)
  eden space 13312K, 0% used [0x00000000eab00000,0x00000000eab00000,0x00000000eb800000)
  from space 4096K, 99% used [0x00000000ebf00000,0x00000000ec2feac8,0x00000000ec300000)
  to   space 5632K, 0% used [0x00000000eb800000,0x00000000eb800000,0x00000000ebd80000)
 ParOldGen       total 126464K, used 95420K [0x00000000c0000000, 0x00000000c7b80000, 0x00000000eab00000)
  object space 126464K, 75% used [0x00000000c0000000,0x00000000c5d2f1f0,0x00000000c7b80000)
 Metaspace       used 83792K, committed 85184K, reserved 1179648K
  class space    used 11203K, committed 11840K, reserved 1048576K
}
Event: 8.325 GC heap before
{Heap before GC invocations=66 (full 6):
 PSYoungGen      total 17408K, used 17402K [0x00000000eab00000, 0x00000000ec300000, 0x0000000100000000)
  eden space 13312K, 100% used [0x00000000eab00000,0x00000000eb800000,0x00000000eb800000)
  from space 4096K, 99% used [0x00000000ebf00000,0x00000000ec2feac8,0x00000000ec300000)
  to   space 5632K, 0% used [0x00000000eb800000,0x00000000eb800000,0x00000000ebd80000)
 ParOldGen       total 126464K, used 95420K [0x00000000c0000000, 0x00000000c7b80000, 0x00000000eab00000)
  object space 126464K, 75% used [0x00000000c0000000,0x00000000c5d2f1f0,0x00000000c7b80000)
 Metaspace       used 85214K, committed 86592K, reserved 1179648K
  class space    used 11448K, committed 12096K, reserved 1048576K
}
Event: 8.326 GC heap after
{Heap after GC invocations=66 (full 6):
 PSYoungGen      total 17920K, used 4574K [0x00000000eab00000, 0x00000000ec200000, 0x0000000100000000)
  eden space 13312K, 0% used [0x00000000eab00000,0x00000000eab00000,0x00000000eb800000)
  from space 4608K, 99% used [0x00000000eb800000,0x00000000ebc77950,0x00000000ebc80000)
  to   space 5120K, 0% used [0x00000000ebd00000,0x00000000ebd00000,0x00000000ec200000)
 ParOldGen       total 126464K, used 95428K [0x00000000c0000000, 0x00000000c7b80000, 0x00000000eab00000)
  object space 126464K, 75% used [0x00000000c0000000,0x00000000c5d311f0,0x00000000c7b80000)
 Metaspace       used 85214K, committed 86592K, reserved 1179648K
  class space    used 11448K, committed 12096K, reserved 1048576K
}
Event: 8.404 GC heap before
{Heap before GC invocations=67 (full 6):
 PSYoungGen      total 17920K, used 17886K [0x00000000eab00000, 0x00000000ec200000, 0x0000000100000000)
  eden space 13312K, 100% used [0x00000000eab00000,0x00000000eb800000,0x00000000eb800000)
  from space 4608K, 99% used [0x00000000eb800000,0x00000000ebc77950,0x00000000ebc80000)
  to   space 5120K, 0% used [0x00000000ebd00000,0x00000000ebd00000,0x00000000ec200000)
 ParOldGen       total 126464K, used 95428K [0x00000000c0000000, 0x00000000c7b80000, 0x00000000eab00000)
  object space 126464K, 75% used [0x00000000c0000000,0x00000000c5d311f0,0x00000000c7b80000)
 Metaspace       used 86644K, committed 88064K, reserved 1179648K
  class space    used 11668K, committed 12288K, reserved 1048576K
}
Event: 8.405 GC heap after
{Heap after GC invocations=67 (full 6):
 PSYoungGen      total 18432K, used 4794K [0x00000000eab00000, 0x00000000ec200000, 0x0000000100000000)
  eden space 13312K, 0% used [0x00000000eab00000,0x00000000eab00000,0x00000000eb800000)
  from space 5120K, 93% used [0x00000000ebd00000,0x00000000ec1aebb0,0x00000000ec200000)
  to   space 5120K, 0% used [0x00000000eb800000,0x00000000eb800000,0x00000000ebd00000)
 ParOldGen       total 126464K, used 95428K [0x00000000c0000000, 0x00000000c7b80000, 0x00000000eab00000)
  object space 126464K, 75% used [0x00000000c0000000,0x00000000c5d311f0,0x00000000c7b80000)
 Metaspace       used 86644K, committed 88064K, reserved 1179648K
  class space    used 11668K, committed 12288K, reserved 1048576K
}
Event: 9.021 GC heap before
{Heap before GC invocations=68 (full 6):
 PSYoungGen      total 18432K, used 18106K [0x00000000eab00000, 0x00000000ec200000, 0x0000000100000000)
  eden space 13312K, 100% used [0x00000000eab00000,0x00000000eb800000,0x00000000eb800000)
  from space 5120K, 93% used [0x00000000ebd00000,0x00000000ec1aebb0,0x00000000ec200000)
  to   space 5120K, 0% used [0x00000000eb800000,0x00000000eb800000,0x00000000ebd00000)
 ParOldGen       total 126464K, used 95428K [0x00000000c0000000, 0x00000000c7b80000, 0x00000000eab00000)
  object space 126464K, 75% used [0x00000000c0000000,0x00000000c5d311f0,0x00000000c7b80000)
 Metaspace       used 86795K, committed 88256K, reserved 1179648K
  class space    used 11675K, committed 12352K, reserved 1048576K
}
Event: 9.022 GC heap after
{Heap after GC invocations=68 (full 6):
 PSYoungGen      total 18432K, used 4896K [0x00000000eab00000, 0x00000000ec200000, 0x0000000100000000)
  eden space 13312K, 0% used [0x00000000eab00000,0x00000000eab00000,0x00000000eb800000)
  from space 5120K, 95% used [0x00000000eb800000,0x00000000ebcc83f0,0x00000000ebd00000)
  to   space 5120K, 0% used [0x00000000ebd00000,0x00000000ebd00000,0x00000000ec200000)
 ParOldGen       total 126464K, used 95436K [0x00000000c0000000, 0x00000000c7b80000, 0x00000000eab00000)
  object space 126464K, 75% used [0x00000000c0000000,0x00000000c5d331f0,0x00000000c7b80000)
 Metaspace       used 86795K, committed 88256K, reserved 1179648K
  class space    used 11675K, committed 12352K, reserved 1048576K
}
Event: 9.122 GC heap before
{Heap before GC invocations=69 (full 6):
 PSYoungGen      total 18432K, used 18208K [0x00000000eab00000, 0x00000000ec200000, 0x0000000100000000)
  eden space 13312K, 100% used [0x00000000eab00000,0x00000000eb800000,0x00000000eb800000)
  from space 5120K, 95% used [0x00000000eb800000,0x00000000ebcc83f0,0x00000000ebd00000)
  to   space 5120K, 0% used [0x00000000ebd00000,0x00000000ebd00000,0x00000000ec200000)
 ParOldGen       total 126464K, used 95436K [0x00000000c0000000, 0x00000000c7b80000, 0x00000000eab00000)
  object space 126464K, 75% used [0x00000000c0000000,0x00000000c5d331f0,0x00000000c7b80000)
 Metaspace       used 86845K, committed 88256K, reserved 1179648K
  class space    used 11684K, committed 12352K, reserved 1048576K
}
Event: 9.123 GC heap after
{Heap after GC invocations=69 (full 6):
 PSYoungGen      total 17920K, used 5091K [0x00000000eab00000, 0x00000000ec300000, 0x0000000100000000)
  eden space 12800K, 0% used [0x00000000eab00000,0x00000000eab00000,0x00000000eb780000)
  from space 5120K, 99% used [0x00000000ebd00000,0x00000000ec1f8e90,0x00000000ec200000)
  to   space 5632K, 0% used [0x00000000eb780000,0x00000000eb780000,0x00000000ebd00000)
 ParOldGen       total 126464K, used 95444K [0x00000000c0000000, 0x00000000c7b80000, 0x00000000eab00000)
  object space 126464K, 75% used [0x00000000c0000000,0x00000000c5d351f0,0x00000000c7b80000)
 Metaspace       used 86845K, committed 88256K, reserved 1179648K
  class space    used 11684K, committed 12352K, reserved 1048576K
}
Event: 9.176 GC heap before
{Heap before GC invocations=70 (full 6):
 PSYoungGen      total 17920K, used 17891K [0x00000000eab00000, 0x00000000ec300000, 0x0000000100000000)
  eden space 12800K, 100% used [0x00000000eab00000,0x00000000eb780000,0x00000000eb780000)
  from space 5120K, 99% used [0x00000000ebd00000,0x00000000ec1f8e90,0x00000000ec200000)
  to   space 5632K, 0% used [0x00000000eb780000,0x00000000eb780000,0x00000000ebd00000)
 ParOldGen       total 126464K, used 95444K [0x00000000c0000000, 0x00000000c7b80000, 0x00000000eab00000)
  object space 126464K, 75% used [0x00000000c0000000,0x00000000c5d351f0,0x00000000c7b80000)
 Metaspace       used 87116K, committed 88512K, reserved 1179648K
  class space    used 11704K, committed 12352K, reserved 1048576K
}
Event: 9.177 GC heap after
{Heap after GC invocations=70 (full 6):
 PSYoungGen      total 18432K, used 5608K [0x00000000eab00000, 0x00000000ec380000, 0x0000000100000000)
  eden space 12800K, 0% used [0x00000000eab00000,0x00000000eab00000,0x00000000eb780000)
  from space 5632K, 99% used [0x00000000eb780000,0x00000000ebcfa038,0x00000000ebd00000)
  to   space 6144K, 0% used [0x00000000ebd80000,0x00000000ebd80000,0x00000000ec380000)
 ParOldGen       total 126464K, used 95460K [0x00000000c0000000, 0x00000000c7b80000, 0x00000000eab00000)
  object space 126464K, 75% used [0x00000000c0000000,0x00000000c5d391f0,0x00000000c7b80000)
 Metaspace       used 87116K, committed 88512K, reserved 1179648K
  class space    used 11704K, committed 12352K, reserved 1048576K
}
Event: 9.220 GC heap before
{Heap before GC invocations=71 (full 6):
 PSYoungGen      total 18432K, used 18408K [0x00000000eab00000, 0x00000000ec380000, 0x0000000100000000)
  eden space 12800K, 100% used [0x00000000eab00000,0x00000000eb780000,0x00000000eb780000)
  from space 5632K, 99% used [0x00000000eb780000,0x00000000ebcfa038,0x00000000ebd00000)
  to   space 6144K, 0% used [0x00000000ebd80000,0x00000000ebd80000,0x00000000ec380000)
 ParOldGen       total 126464K, used 95460K [0x00000000c0000000, 0x00000000c7b80000, 0x00000000eab00000)
  object space 126464K, 75% used [0x00000000c0000000,0x00000000c5d391f0,0x00000000c7b80000)
 Metaspace       used 87272K, committed 88640K, reserved 1179648K
  class space    used 11725K, committed 12352K, reserved 1048576K
}
Event: 9.221 GC heap after
{Heap after GC invocations=71 (full 6):
 PSYoungGen      total 18432K, used 6059K [0x00000000eab00000, 0x00000000ec480000, 0x0000000100000000)
  eden space 12288K, 0% used [0x00000000eab00000,0x00000000eab00000,0x00000000eb700000)
  from space 6144K, 98% used [0x00000000ebd80000,0x00000000ec36ace8,0x00000000ec380000)
  to   space 6656K, 0% used [0x00000000eb700000,0x00000000eb700000,0x00000000ebd80000)
 ParOldGen       total 126464K, used 95468K [0x00000000c0000000, 0x00000000c7b80000, 0x00000000eab00000)
  object space 126464K, 75% used [0x00000000c0000000,0x00000000c5d3b1f0,0x00000000c7b80000)
 Metaspace       used 87272K, committed 88640K, reserved 1179648K
  class space    used 11725K, committed 12352K, reserved 1048576K
}

