# JRE version: OpenJDK Runtime Environment Temurin-17.0.12+7 (17.0.12+7) (build 17.0.12+7)
# Java VM: OpenJDK 64-Bit Server VM Temurin-17.0.12+7 (17.0.12+7, mixed mode, tiered, compressed oops, compressed class ptrs, parallel gc, windows-amd64)
GC Precious Log:
 CPUs: 16 total, 16 available
 Memory: 15571M
 Large Page Support: Disabled
 NUMA Support: Disabled
 Compressed Oops: Enabled (32-bit)
 Alignments: Space 512K, Generation 512K, Heap 2M
 Heap Min Capacity: 100M
 Heap Initial Capacity: 100M
 Heap Max Capacity: 1G
 Pre-touch: Disabled
 Parallel Workers: 13
Heap:
 PSYoungGen      total 33792K, used 15625K [0x00000000eab00000, 0x00000000ed500000, 0x0000000100000000)
  eden space 25088K, 40% used [0x00000000eab00000,0x00000000eb4f4498,0x00000000ec380000)
  from space 8704K, 62% used [0x00000000ec380000,0x00000000ec8ce0d8,0x00000000ecc00000)
  to   space 8704K, 0% used [0x00000000ecc80000,0x00000000ecc80000,0x00000000ed500000)
 ParOldGen       total 699392K, used 293452K [0x00000000c0000000, 0x00000000eab00000, 0x00000000eab00000)
  object space 699392K, 41% used [0x00000000c0000000,0x00000000d1e93078,0x00000000eab00000)
 Metaspace       used 129141K, committed 130944K, reserved 1179648K
  class space    used 16668K, committed 17472K, reserved 1048576K
GC Heap History (20 events):
Event: 1406.572 GC heap before
{Heap before GC invocations=4998 (full 1537):
 PSYoungGen      total 32768K, used 25087K [0x00000000eab00000, 0x00000000ed500000, 0x0000000100000000)
  eden space 25088K, 99% used [0x00000000eab00000,0x00000000ec37fff8,0x00000000ec380000)
  from space 7680K, 0% used [0x00000000ecd00000,0x00000000ecd00000,0x00000000ed480000)
  to   space 8704K, 0% used [0x00000000ec380000,0x00000000ec380000,0x00000000ecc00000)
 ParOldGen       total 264704K, used 264203K [0x00000000c0000000, 0x00000000d0280000, 0x00000000eab00000)
  object space 264704K, 99% used [0x00000000c0000000,0x00000000d0202f38,0x00000000d0280000)
 Metaspace       used 129111K, committed 130944K, reserved 1179648K
  class space    used 16668K, committed 17472K, reserved 1048576K
}
Event: 1406.641 GC heap after
{Heap after GC invocations=4998 (full 1537):
 PSYoungGen      total 33792K, used 24575K [0x00000000eab00000, 0x00000000ed500000, 0x0000000100000000)
  eden space 25088K, 97% used [0x00000000eab00000,0x00000000ec2ffd40,0x00000000ec380000)
  from space 8704K, 0% used [0x00000000ec380000,0x00000000ec380000,0x00000000ecc00000)
  to   space 7680K, 0% used [0x00000000ecd00000,0x00000000ecd00000,0x00000000ed480000)
 ParOldGen       total 264704K, used 264695K [0x00000000c0000000, 0x00000000d0280000, 0x00000000eab00000)
  object space 264704K, 99% used [0x00000000c0000000,0x00000000d027de70,0x00000000d0280000)
 Metaspace       used 129111K, committed 130944K, reserved 1179648K
  class space    used 16668K, committed 17472K, reserved 1048576K
}
Event: 1406.642 GC heap before
{Heap before GC invocations=4999 (full 1538):
 PSYoungGen      total 33792K, used 25088K [0x00000000eab00000, 0x00000000ed500000, 0x0000000100000000)
  eden space 25088K, 100% used [0x00000000eab00000,0x00000000ec380000,0x00000000ec380000)
  from space 8704K, 0% used [0x00000000ec380000,0x00000000ec380000,0x00000000ecc00000)
  to   space 7680K, 0% used [0x00000000ecd00000,0x00000000ecd00000,0x00000000ed480000)
 ParOldGen       total 264704K, used 264695K [0x00000000c0000000, 0x00000000d0280000, 0x00000000eab00000)
  object space 264704K, 99% used [0x00000000c0000000,0x00000000d027de70,0x00000000d0280000)
 Metaspace       used 129111K, committed 130944K, reserved 1179648K
  class space    used 16668K, committed 17472K, reserved 1048576K
}
Event: 1406.720 GC heap after
{Heap after GC invocations=4999 (full 1538):
 PSYoungGen      total 32768K, used 24718K [0x00000000eab00000, 0x00000000ed500000, 0x0000000100000000)
  eden space 25088K, 98% used [0x00000000eab00000,0x00000000ec3239e8,0x00000000ec380000)
  from space 7680K, 0% used [0x00000000ecd00000,0x00000000ecd00000,0x00000000ed480000)
  to   space 8704K, 0% used [0x00000000ec380000,0x00000000ec380000,0x00000000ecc00000)
 ParOldGen       total 264704K, used 264690K [0x00000000c0000000, 0x00000000d0280000, 0x00000000eab00000)
  object space 264704K, 99% used [0x00000000c0000000,0x00000000d027caa8,0x00000000d0280000)
 Metaspace       used 129111K, committed 130944K, reserved 1179648K
  class space    used 16668K, committed 17472K, reserved 1048576K
}
Event: 1406.722 GC heap before
{Heap before GC invocations=5000 (full 1539):
 PSYoungGen      total 32768K, used 25087K [0x00000000eab00000, 0x00000000ed500000, 0x0000000100000000)
  eden space 25088K, 99% used [0x00000000eab00000,0x00000000ec37ffe0,0x00000000ec380000)
  from space 7680K, 0% used [0x00000000ecd00000,0x00000000ecd00000,0x00000000ed480000)
  to   space 8704K, 0% used [0x00000000ec380000,0x00000000ec380000,0x00000000ecc00000)
 ParOldGen       total 264704K, used 264690K [0x00000000c0000000, 0x00000000d0280000, 0x00000000eab00000)
  object space 264704K, 99% used [0x00000000c0000000,0x00000000d027caa8,0x00000000d0280000)
 Metaspace       used 129112K, committed 130944K, reserved 1179648K
  class space    used 16668K, committed 17472K, reserved 1048576K
}
Event: 1406.792 GC heap after
{Heap after GC invocations=5000 (full 1539):
 PSYoungGen      total 33792K, used 24777K [0x00000000eab00000, 0x00000000ed500000, 0x0000000100000000)
  eden space 25088K, 98% used [0x00000000eab00000,0x00000000ec332560,0x00000000ec380000)
  from space 8704K, 0% used [0x00000000ec380000,0x00000000ec380000,0x00000000ecc00000)
  to   space 7680K, 0% used [0x00000000ecd00000,0x00000000ecd00000,0x00000000ed480000)
 ParOldGen       total 264704K, used 264690K [0x00000000c0000000, 0x00000000d0280000, 0x00000000eab00000)
  object space 264704K, 99% used [0x00000000c0000000,0x00000000d027caa8,0x00000000d0280000)
 Metaspace       used 129112K, committed 130944K, reserved 1179648K
  class space    used 16668K, committed 17472K, reserved 1048576K
}
Event: 1406.793 GC heap before
{Heap before GC invocations=5001 (full 1540):
 PSYoungGen      total 33792K, used 25087K [0x00000000eab00000, 0x00000000ed500000, 0x0000000100000000)
  eden space 25088K, 99% used [0x00000000eab00000,0x00000000ec37fff8,0x00000000ec380000)
  from space 8704K, 0% used [0x00000000ec380000,0x00000000ec380000,0x00000000ecc00000)
  to   space 7680K, 0% used [0x00000000ecd00000,0x00000000ecd00000,0x00000000ed480000)
 ParOldGen       total 264704K, used 264690K [0x00000000c0000000, 0x00000000d0280000, 0x00000000eab00000)
  object space 264704K, 99% used [0x00000000c0000000,0x00000000d027caa8,0x00000000d0280000)
 Metaspace       used 129112K, committed 130944K, reserved 1179648K
  class space    used 16668K, committed 17472K, reserved 1048576K
}
Event: 1406.861 GC heap after
{Heap after GC invocations=5001 (full 1540):
 PSYoungGen      total 32768K, used 24835K [0x00000000eab00000, 0x00000000ed500000, 0x0000000100000000)
  eden space 25088K, 98% used [0x00000000eab00000,0x00000000ec340fe8,0x00000000ec380000)
  from space 7680K, 0% used [0x00000000ecd00000,0x00000000ecd00000,0x00000000ed480000)
  to   space 8704K, 0% used [0x00000000ec380000,0x00000000ec380000,0x00000000ecc00000)
 ParOldGen       total 264704K, used 264690K [0x00000000c0000000, 0x00000000d0280000, 0x00000000eab00000)
  object space 264704K, 99% used [0x00000000c0000000,0x00000000d027c9e0,0x00000000d0280000)
 Metaspace       used 129112K, committed 130944K, reserved 1179648K
  class space    used 16668K, committed 17472K, reserved 1048576K
}
Event: 1406.862 GC heap before
{Heap before GC invocations=5002 (full 1541):
 PSYoungGen      total 32768K, used 25087K [0x00000000eab00000, 0x00000000ed500000, 0x0000000100000000)
  eden space 25088K, 99% used [0x00000000eab00000,0x00000000ec37ffd8,0x00000000ec380000)
  from space 7680K, 0% used [0x00000000ecd00000,0x00000000ecd00000,0x00000000ed480000)
  to   space 8704K, 0% used [0x00000000ec380000,0x00000000ec380000,0x00000000ecc00000)
 ParOldGen       total 264704K, used 264690K [0x00000000c0000000, 0x00000000d0280000, 0x00000000eab00000)
  object space 264704K, 99% used [0x00000000c0000000,0x00000000d027c9e0,0x00000000d0280000)
 Metaspace       used 129112K, committed 130944K, reserved 1179648K
  class space    used 16668K, committed 17472K, reserved 1048576K
}
Event: 1406.934 GC heap after
{Heap after GC invocations=5002 (full 1541):
 PSYoungGen      total 33792K, used 24875K [0x00000000eab00000, 0x00000000ed500000, 0x0000000100000000)
  eden space 25088K, 99% used [0x00000000eab00000,0x00000000ec34afa8,0x00000000ec380000)
  from space 8704K, 0% used [0x00000000ec380000,0x00000000ec380000,0x00000000ecc00000)
  to   space 7680K, 0% used [0x00000000ecd00000,0x00000000ecd00000,0x00000000ed480000)
 ParOldGen       total 264704K, used 264689K [0x00000000c0000000, 0x00000000d0280000, 0x00000000eab00000)
  object space 264704K, 99% used [0x00000000c0000000,0x00000000d027c7e8,0x00000000d0280000)
 Metaspace       used 129112K, committed 130944K, reserved 1179648K
  class space    used 16668K, committed 17472K, reserved 1048576K
}
Event: 1406.935 GC heap before
{Heap before GC invocations=5003 (full 1542):
 PSYoungGen      total 33792K, used 25087K [0x00000000eab00000, 0x00000000ed500000, 0x0000000100000000)
  eden space 25088K, 99% used [0x00000000eab00000,0x00000000ec37ffe8,0x00000000ec380000)
  from space 8704K, 0% used [0x00000000ec380000,0x00000000ec380000,0x00000000ecc00000)
  to   space 7680K, 0% used [0x00000000ecd00000,0x00000000ecd00000,0x00000000ed480000)
 ParOldGen       total 264704K, used 264689K [0x00000000c0000000, 0x00000000d0280000, 0x00000000eab00000)
  object space 264704K, 99% used [0x00000000c0000000,0x00000000d027c7e8,0x00000000d0280000)
 Metaspace       used 129112K, committed 130944K, reserved 1179648K
  class space    used 16668K, committed 17472K, reserved 1048576K
}
Event: 1407.008 GC heap after
{Heap after GC invocations=5003 (full 1542):
 PSYoungGen      total 32768K, used 24957K [0x00000000eab00000, 0x00000000ed500000, 0x0000000100000000)
  eden space 25088K, 99% used [0x00000000eab00000,0x00000000ec35f530,0x00000000ec380000)
  from space 7680K, 0% used [0x00000000ecd00000,0x00000000ecd00000,0x00000000ed480000)
  to   space 8704K, 0% used [0x00000000ec380000,0x00000000ec380000,0x00000000ecc00000)
 ParOldGen       total 264704K, used 264689K [0x00000000c0000000, 0x00000000d0280000, 0x00000000eab00000)
  object space 264704K, 99% used [0x00000000c0000000,0x00000000d027c788,0x00000000d0280000)
 Metaspace       used 129112K, committed 130944K, reserved 1179648K
  class space    used 16668K, committed 17472K, reserved 1048576K
}
Event: 1407.009 GC heap before
{Heap before GC invocations=5004 (full 1543):
 PSYoungGen      total 32768K, used 25088K [0x00000000eab00000, 0x00000000ed500000, 0x0000000100000000)
  eden space 25088K, 100% used [0x00000000eab00000,0x00000000ec380000,0x00000000ec380000)
  from space 7680K, 0% used [0x00000000ecd00000,0x00000000ecd00000,0x00000000ed480000)
  to   space 8704K, 0% used [0x00000000ec380000,0x00000000ec380000,0x00000000ecc00000)
 ParOldGen       total 264704K, used 264689K [0x00000000c0000000, 0x00000000d0280000, 0x00000000eab00000)
  object space 264704K, 99% used [0x00000000c0000000,0x00000000d027c788,0x00000000d0280000)
 Metaspace       used 129112K, committed 130944K, reserved 1179648K
  class space    used 16668K, committed 17472K, reserved 1048576K
}
Event: 1407.076 GC heap after
{Heap after GC invocations=5004 (full 1543):
 PSYoungGen      total 33792K, used 24994K [0x00000000eab00000, 0x00000000ed500000, 0x0000000100000000)
  eden space 25088K, 99% used [0x00000000eab00000,0x00000000ec368bb0,0x00000000ec380000)
  from space 8704K, 0% used [0x00000000ec380000,0x00000000ec380000,0x00000000ecc00000)
  to   space 7680K, 0% used [0x00000000ecd00000,0x00000000ecd00000,0x00000000ed480000)
 ParOldGen       total 264704K, used 264689K [0x00000000c0000000, 0x00000000d0280000, 0x00000000eab00000)
  object space 264704K, 99% used [0x00000000c0000000,0x00000000d027c788,0x00000000d0280000)
 Metaspace       used 129112K, committed 130944K, reserved 1179648K
  class space    used 16668K, committed 17472K, reserved 1048576K
}
Event: 1407.077 GC heap before
{Heap before GC invocations=5005 (full 1544):
 PSYoungGen      total 33792K, used 25088K [0x00000000eab00000, 0x00000000ed500000, 0x0000000100000000)
  eden space 25088K, 100% used [0x00000000eab00000,0x00000000ec380000,0x00000000ec380000)
  from space 8704K, 0% used [0x00000000ec380000,0x00000000ec380000,0x00000000ecc00000)
  to   space 7680K, 0% used [0x00000000ecd00000,0x00000000ecd00000,0x00000000ed480000)
 ParOldGen       total 264704K, used 264689K [0x00000000c0000000, 0x00000000d0280000, 0x00000000eab00000)
  object space 264704K, 99% used [0x00000000c0000000,0x00000000d027c788,0x00000000d0280000)
 Metaspace       used 129112K, committed 130944K, reserved 1179648K
  class space    used 16668K, committed 17472K, reserved 1048576K
}
Event: 1407.147 GC heap after
{Heap after GC invocations=5005 (full 1544):
 PSYoungGen      total 32768K, used 25027K [0x00000000eab00000, 0x00000000ed500000, 0x0000000100000000)
  eden space 25088K, 99% used [0x00000000eab00000,0x00000000ec370ed0,0x00000000ec380000)
  from space 7680K, 0% used [0x00000000ecd00000,0x00000000ecd00000,0x00000000ed480000)
  to   space 8704K, 0% used [0x00000000ec380000,0x00000000ec380000,0x00000000ecc00000)
 ParOldGen       total 699392K, used 264689K [0x00000000c0000000, 0x00000000eab00000, 0x00000000eab00000)
  object space 699392K, 37% used [0x00000000c0000000,0x00000000d027c468,0x00000000eab00000)
 Metaspace       used 129112K, committed 130944K, reserved 1179648K
  class space    used 16668K, committed 17472K, reserved 1048576K
}
Event: 1407.147 GC heap before
{Heap before GC invocations=5006 (full 1544):
 PSYoungGen      total 32768K, used 25087K [0x00000000eab00000, 0x00000000ed500000, 0x0000000100000000)
  eden space 25088K, 99% used [0x00000000eab00000,0x00000000ec37fff0,0x00000000ec380000)
  from space 7680K, 0% used [0x00000000ecd00000,0x00000000ecd00000,0x00000000ed480000)
  to   space 8704K, 0% used [0x00000000ec380000,0x00000000ec380000,0x00000000ecc00000)
 ParOldGen       total 699392K, used 264689K [0x00000000c0000000, 0x00000000eab00000, 0x00000000eab00000)
  object space 699392K, 37% used [0x00000000c0000000,0x00000000d027c468,0x00000000eab00000)
 Metaspace       used 129112K, committed 130944K, reserved 1179648K
  class space    used 16668K, committed 17472K, reserved 1048576K
}
Event: 1407.160 GC heap after
{Heap after GC invocations=5006 (full 1544):
 PSYoungGen      total 33792K, used 8688K [0x00000000eab00000, 0x00000000ed500000, 0x0000000100000000)
  eden space 25088K, 0% used [0x00000000eab00000,0x00000000eab00000,0x00000000ec380000)
  from space 8704K, 99% used [0x00000000ec380000,0x00000000ecbfc230,0x00000000ecc00000)
  to   space 7680K, 0% used [0x00000000ecd00000,0x00000000ecd00000,0x00000000ed480000)
 ParOldGen       total 699392K, used 281731K [0x00000000c0000000, 0x00000000eab00000, 0x00000000eab00000)
  object space 699392K, 40% used [0x00000000c0000000,0x00000000d1320f20,0x00000000eab00000)
 Metaspace       used 129112K, committed 130944K, reserved 1179648K
  class space    used 16668K, committed 17472K, reserved 1048576K
}
Event: 1407.198 GC heap before
{Heap before GC invocations=5007 (full 1544):
 PSYoungGen      total 33792K, used 33776K [0x00000000eab00000, 0x00000000ed500000, 0x0000000100000000)
  eden space 25088K, 99% used [0x00000000eab00000,0x00000000ec37fff0,0x00000000ec380000)
  from space 8704K, 99% used [0x00000000ec380000,0x00000000ecbfc230,0x00000000ecc00000)
  to   space 7680K, 0% used [0x00000000ecd00000,0x00000000ecd00000,0x00000000ed480000)
 ParOldGen       total 699392K, used 281731K [0x00000000c0000000, 0x00000000eab00000, 0x00000000eab00000)
  object space 699392K, 40% used [0x00000000c0000000,0x00000000d1320f20,0x00000000eab00000)
 Metaspace       used 129139K, committed 130944K, reserved 1179648K
  class space    used 16668K, committed 17472K, reserved 1048576K
}
Event: 1407.202 GC heap after
{Heap after GC invocations=5007 (full 1544):
 PSYoungGen      total 32768K, used 7678K [0x00000000eab00000, 0x00000000ed500000, 0x0000000100000000)
  eden space 25088K, 0% used [0x00000000eab00000,0x00000000eab00000,0x00000000ec380000)
  from space 7680K, 99% used [0x00000000ecd00000,0x00000000ed47f818,0x00000000ed480000)
  to   space 8704K, 0% used [0x00000000ec380000,0x00000000ec380000,0x00000000ecc00000)
 ParOldGen       total 699392K, used 286105K [0x00000000c0000000, 0x00000000eab00000, 0x00000000eab00000)
  object space 699392K, 40% used [0x00000000c0000000,0x00000000d17664d0,0x00000000eab00000)
 Metaspace       used 129139K, committed 130944K, reserved 1179648K
  class space    used 16668K, committed 17472K, reserved 1048576K
}

